#
# There is insufficient memory for the Java Runtime Environment to continue.
# Native memory allocation (mmap) failed to map 65011712 bytes for Failed to commit area from 0x00000000c2800000 to 0x00000000c6600000 of length 65011712.
# Possible reasons:
#   The system is out of physical RAM or swap space
#   The process is running with CompressedOops enabled, and the Java Heap may be blocking the growth of the native heap
# Possible solutions:
#   Reduce memory load on the system
#   Increase physical memory or swap space
#   Check if swap backing store is full
#   Decrease Java heap size (-Xmx/-Xms)
#   Decrease number of Java threads
#   Decrease Java thread stack sizes (-Xss)
#   Set larger code cache with -XX:ReservedCodeCacheSize=
#   JVM is running with Unscaled Compressed Oops mode in which the Java heap is
#     placed in the first 4GB address space. The Java Heap base address is the
#     maximum limit for the native heap growth. Please use -XX:HeapBaseMinAddress
#     to set the Java Heap base and to place the Java Heap above 4GB virtual address.
# This output file may be truncated or incomplete.
#
#  Out of Memory Error (./open/src/hotspot/os/windows/os_windows.cpp:3315), pid=18428, tid=12904
#
# JRE version:  (14.0.1+7) (build )
# Java VM: Java HotSpot(TM) 64-Bit Server VM (14.0.1+7, mixed mode, sharing, tiered, compressed oops, g1 gc, windows-amd64)
# No core dump will be written. Minidumps are not enabled by default on client versions of Windows
#

---------------  S U M M A R Y ------------

Command Line: -Dfile.encoding=Cp1252 --module-path=C:\Users\huzaifa\Downloads\mysql-connector-java-8.0.22.jar -XX:+ShowCodeDetailsInExceptionMessages CompanySalesManagementSystem.Customer

Host: Celeron(R) Dual-Core CPU       T3500  @ 2.10GHz, 2 cores, 3G,  Windows 10 , 64 bit Build 19041 (10.0.19041.804)
Time: Thu Mar 11 15:21:28 2021 India Standard Time elapsed time: 0 seconds (0d 0h 0m 0s)

---------------  T H R E A D  ---------------

Current thread (0x000001b5d5015800):  JavaThread "Unknown thread" [_thread_in_vm, id=12904, stack(0x0000007204600000,0x0000007204700000)]

Stack: [0x0000007204600000,0x0000007204700000]
Native frames: (J=compiled Java code, j=interpreted, Vv=VM code, C=native code)
V  [jvm.dll+0x5f840a]
V  [jvm.dll+0x741e4a]
V  [jvm.dll+0x7435ff]
V  [jvm.dll+0x743c43]
V  [jvm.dll+0x20d288]
V  [jvm.dll+0x5f57ba]
V  [jvm.dll+0x5ea615]
V  [jvm.dll+0x2c7e9c]
V  [jvm.dll+0x2c7cd2]
V  [jvm.dll+0x2cdbbc]
V  [jvm.dll+0x313ff8]
V  [jvm.dll+0x313720]
V  [jvm.dll+0x2a092a]
V  [jvm.dll+0x2a1a79]
V  [jvm.dll+0x71f718]
V  [jvm.dll+0x321c44]
V  [jvm.dll+0x700b0c]
V  [jvm.dll+0x392dff]
V  [jvm.dll+0x394e71]
C  [jli.dll+0x523b]
C  [ucrtbase.dll+0x21bb2]
C  [KERNEL32.DLL+0x17034]
C  [ntdll.dll+0x4d241]


---------------  P R O C E S S  ---------------

Threads class SMR info:
_java_thread_list=0x00007fff83183078, length=0, elements={
}

Java Threads: ( => current thread )

Other Threads:
  0x000001b5d5046800 GCTaskThread "GC Thread#0" [stack: 0x0000007204700000,0x0000007204800000] [id=7300]
  0x000001b5d5051000 ConcurrentGCThread "G1 Main Marker" [stack: 0x0000007204800000,0x0000007204900000] [id=17880]
  0x000001b5d5052800 ConcurrentGCThread "G1 Conc#0" [stack: 0x0000007204900000,0x0000007204a00000] [id=14844]

[error occurred during error reporting (printing all threads), id 0xc0000005, EXCEPTION_ACCESS_VIOLATION (0xc0000005) at pc=0x00007fff829b1257]

VM state:not at safepoint (not fully initialized)

VM Mutex/Monitor currently owned by a thread:  ([mutex/lock_event])
[0x000001b5d5011170] Heap_lock - owner thread: 0x000001b5d5015800

Heap address: 0x00000000c2800000, size: 984 MB, Compressed Oops mode: 32-bit
Narrow klass base: 0x0000000000000000, Narrow klass shift: 0

GC Heap History (0 events):
No events

Deoptimization events (0 events):
No events

Classes unloaded (0 events):
No events

Classes redefined (0 events):
No events

Internal exceptions (0 events):
No events

Events (2 events):
Event: 0.031 Loaded shared library C:\Program Files\Java\jdk-14.0.1\bin\java.dll
Event: 0.033 Loaded shared library C:\Program Files\Java\jdk-14.0.1\bin\zip.dll


Dynamic libraries:
0x00007ff7f9920000 - 0x00007ff7f992f000 	C:\Program Files\Java\jdk-14.0.1\bin\javaw.exe
0x00007fffc6ef0000 - 0x00007fffc70e6000 	C:\Windows\SYSTEM32\ntdll.dll
0x00007fffc6650000 - 0x00007fffc670d000 	C:\Windows\System32\KERNEL32.DLL
0x00007fffc46b0000 - 0x00007fffc4979000 	C:\Windows\System32\KERNELBASE.dll
0x00007fffc4b40000 - 0x00007fffc4c40000 	C:\Windows\System32\ucrtbase.dll
0x00007fffb10f0000 - 0x00007fffb1108000 	C:\Program Files\Java\jdk-14.0.1\bin\jli.dll
0x00007fffc6cd0000 - 0x00007fffc6d7c000 	C:\Windows\System32\ADVAPI32.dll
0x00007fffc6960000 - 0x00007fffc69fe000 	C:\Windows\System32\msvcrt.dll
0x00007fffc5d60000 - 0x00007fffc5dfc000 	C:\Windows\System32\sechost.dll
0x00007fffc6a00000 - 0x00007fffc6b2b000 	C:\Windows\System32\RPCRT4.dll
0x00007fffc5b60000 - 0x00007fffc5d00000 	C:\Windows\System32\USER32.dll
0x00007fffc4c40000 - 0x00007fffc4c62000 	C:\Windows\System32\win32u.dll
0x00007fffc6be0000 - 0x00007fffc6c0a000 	C:\Windows\System32\GDI32.dll
0x00007fffc4a30000 - 0x00007fffc4b3b000 	C:\Windows\System32\gdi32full.dll
0x00007fffc4e00000 - 0x00007fffc4e9d000 	C:\Windows\System32\msvcp_win.dll
0x00007fffb10d0000 - 0x00007fffb10e5000 	C:\Program Files\Java\jdk-14.0.1\bin\VCRUNTIME140.dll
0x00007fffb8b20000 - 0x00007fffb8dbb000 	C:\Windows\WinSxS\amd64_microsoft.windows.common-controls_6595b64144ccf1df_6.0.19041.746_none_ca02b4b61b8320a4\COMCTL32.dll
0x00007fffb8b10000 - 0x00007fffb8b1a000 	C:\Windows\SYSTEM32\VERSION.dll
0x00007fffc6710000 - 0x00007fffc6740000 	C:\Windows\System32\IMM32.DLL
0x00007fff9b140000 - 0x00007fff9b1db000 	C:\Program Files\Java\jdk-14.0.1\bin\msvcp140.dll
0x00007fff82700000 - 0x00007fff8321e000 	C:\Program Files\Java\jdk-14.0.1\bin\server\jvm.dll
0x00007fffc6c10000 - 0x00007fffc6c18000 	C:\Windows\System32\PSAPI.DLL
0x00007fffb70f0000 - 0x00007fffb70f9000 	C:\Windows\SYSTEM32\WSOCK32.dll
0x00007fffc5a90000 - 0x00007fffc5afb000 	C:\Windows\System32\WS2_32.dll
0x00007fffb24d0000 - 0x00007fffb24f7000 	C:\Windows\SYSTEM32\WINMM.dll
0x00007fffc2580000 - 0x00007fffc2592000 	C:\Windows\SYSTEM32\kernel.appcore.dll
0x00007fffb6900000 - 0x00007fffb690a000 	C:\Program Files\Java\jdk-14.0.1\bin\jimage.dll
0x00007fffa74f0000 - 0x00007fffa76d4000 	C:\Windows\SYSTEM32\DBGHELP.DLL
0x00007fffa74c0000 - 0x00007fffa74ec000 	C:\Windows\SYSTEM32\dbgcore.DLL
0x00007fffc4630000 - 0x00007fffc46b0000 	C:\Windows\System32\bcryptPrimitives.dll
0x00007fffb1070000 - 0x00007fffb1095000 	C:\Program Files\Java\jdk-14.0.1\bin\java.dll
0x00007fffb0aa0000 - 0x00007fffb0ab6000 	C:\Program Files\Java\jdk-14.0.1\bin\zip.dll

dbghelp: loaded successfully - version: 4.0.5 - missing functions: none
symbol engine: initialized successfully - sym options: 0x614 - pdb path: .;C:\Program Files\Java\jdk-14.0.1\bin;C:\Windows\SYSTEM32;C:\Windows\WinSxS\amd64_microsoft.windows.common-controls_6595b64144ccf1df_6.0.19041.746_none_ca02b4b61b8320a4;C:\Program Files\Java\jdk-14.0.1\bin\server

VM Arguments:
jvm_args: -Dfile.encoding=Cp1252 --module-path=C:\Users\huzaifa\Downloads\mysql-connector-java-8.0.22.jar -XX:+ShowCodeDetailsInExceptionMessages 
java_command: CompanySalesManagementSystem.Customer
java_class_path (initial): C:\Users\huzaifa\eclipse-workspace\ProjectJava\bin
Launcher Type: SUN_STANDARD

[Global flags]
     intx CICompilerCount                          = 2                                         {product} {ergonomic}
     uint ConcGCThreads                            = 1                                         {product} {ergonomic}
     uint G1ConcRefinementThreads                  = 2                                         {product} {ergonomic}
   size_t G1HeapRegionSize                         = 1048576                                   {product} {ergonomic}
    uintx GCDrainStackTargetSize                   = 64                                        {product} {ergonomic}
   size_t InitialHeapSize                          = 65011712                                  {product} {ergonomic}
   size_t MarkStackSize                            = 4194304                                   {product} {ergonomic}
   size_t MaxHeapSize                              = 1031798784                                {product} {ergonomic}
   size_t MinHeapDeltaBytes                        = 1048576                                   {product} {ergonomic}
   size_t MinHeapSize                              = 8388608                                   {product} {ergonomic}
    uintx NonNMethodCodeHeapSize                   = 5826188                                {pd product} {ergonomic}
    uintx NonProfiledCodeHeapSize                  = 122916026                              {pd product} {ergonomic}
    uintx ProfiledCodeHeapSize                     = 122916026                              {pd product} {ergonomic}
    uintx ReservedCodeCacheSize                    = 251658240                              {pd product} {ergonomic}
     bool SegmentedCodeCache                       = true                                      {product} {ergonomic}
     bool ShowCodeDetailsInExceptionMessages       = true                                   {manageable} {command line}
   size_t SoftMaxHeapSize                          = 1031798784                             {manageable} {ergonomic}
     bool UseCompressedClassPointers               = true                                 {lp64_product} {ergonomic}
     bool UseCompressedOops                        = true                                 {lp64_product} {ergonomic}
     bool UseG1GC                                  = true                                      {product} {ergonomic}
     bool UseLargePagesIndividualAllocation        = false                                  {pd product} {ergonomic}

Logging:
Log output configuration:
 #0: stdout all=warning uptime,level,tags
 #1: stderr all=off uptime,level,tags

Environment Variables:
PATH=C:\oraclexe\app\oracle\product\11.2.0\server\bin;C:\Program Files\Java\jdk-14.0.1\bin;C:\Program Files (x86)\Common Files\Oracle\Java\javapath;C:\xampp\mysql\bin;C:\Program Files\Java\jre1.8.0_251;C:\Program Files\Git\cmd;C:\Program Files\Git\mingw64\bin;C:\Program Files\Git\usr\bin;G:\apktool;C:\Users\huzaifa\AppData\Local\Microsoft\WindowsApps;C:\Users\BUKENYA HUZAIFA\AppData\Local\Programs\Microsoft VS Code\bin;C:\Users\huzaifa\AppData\Local\GitHubDesktop\bin
USERNAME=huzaifa
OS=Windows_NT
PROCESSOR_IDENTIFIER=Intel64 Family 6 Model 23 Stepping 10, GenuineIntel



---------------  S Y S T E M  ---------------

OS: Windows 10 , 64 bit Build 19041 (10.0.19041.804)
OS uptime: 1 days 16:00 hours

CPU:total 2 (initial active 2) (2 cores per cpu, 1 threads per core) family 6 model 23 stepping 10, cmov, cx8, fxsr, mmx, sse, sse2, sse3, ssse3, tsc

Memory: 4k page, system-wide physical 3932M (611M free)
TotalPageFile size 16220M (AvailPageFile size 11M)
current process WorkingSet (physical memory assigned to process): 9M, peak: 9M
current process commit charge ("private bytes"): 47M, peak: 109M

vm_info: Java HotSpot(TM) 64-Bit Server VM (14.0.1+7) for windows-amd64 JRE (14.0.1+7), built on Mar  5 2020 10:30:14 by "mach5one" with MS VC++ 15.9 (VS2017)

END.
